{"C:\\Users\\servi\\augusto\\tetris\\Board\\Board.ts": {"path":"C:\\Users\\servi\\augusto\\tetris\\Board\\Board.ts","statementMap":{"0":{"start":{"line":13,"column":8},"end":{"line":13,"column":null}},"1":{"start":{"line":14,"column":8},"end":{"line":14,"column":null}},"2":{"start":{"line":15,"column":8},"end":{"line":15,"column":null}},"3":{"start":{"line":20,"column":8},"end":{"line":23,"column":null}},"4":{"start":{"line":28,"column":8},"end":{"line":28,"column":null}},"5":{"start":{"line":33,"column":8},"end":{"line":33,"column":null}}},"fnMap":{"0":{"name":"constructor","decl":{"start":{"line":12,"column":4},"end":{"line":12,"column":16}},"loc":{"start":{"line":12,"column":57},"end":{"line":16,"column":null}},"line":12},"1":{"name":"isInsideBounds","decl":{"start":{"line":19,"column":4},"end":{"line":19,"column":11}},"loc":{"start":{"line":19,"column":47},"end":{"line":24,"column":null}},"line":19},"2":{"name":"occupyCell","decl":{"start":{"line":27,"column":4},"end":{"line":27,"column":11}},"loc":{"start":{"line":27,"column":40},"end":{"line":29,"column":null}},"line":27},"3":{"name":"isOccupied","decl":{"start":{"line":32,"column":4},"end":{"line":32,"column":11}},"loc":{"start":{"line":32,"column":43},"end":{"line":34,"column":null}},"line":32}},"branchMap":{"0":{"loc":{"start":{"line":12,"column":16},"end":{"line":12,"column":36}},"type":"default-arg","locations":[{"start":{"line":12,"column":32},"end":{"line":12,"column":36}}],"line":12},"1":{"loc":{"start":{"line":12,"column":36},"end":{"line":12,"column":57}},"type":"default-arg","locations":[{"start":{"line":12,"column":53},"end":{"line":12,"column":57}}],"line":12},"2":{"loc":{"start":{"line":20,"column":15},"end":{"line":23,"column":null}},"type":"binary-expr","locations":[{"start":{"line":20,"column":15},"end":{"line":20,"column":null}},{"start":{"line":21,"column":12},"end":{"line":21,"column":null}},{"start":{"line":22,"column":12},"end":{"line":22,"column":null}},{"start":{"line":23,"column":12},"end":{"line":23,"column":null}}],"line":20}},"s":{"0":5,"1":5,"2":5,"3":2,"4":1,"5":2},"f":{"0":5,"1":2,"2":1,"3":2},"b":{"0":[5],"1":[5],"2":[2,2,1,1]},"meta":{"lastBranch":3,"lastFunction":4,"lastStatement":6,"seen":{"f:12:4:12:16":0,"b:12:32:12:36":0,"b:12:53:12:57":1,"s:13:8:13:Infinity":0,"s:14:8:14:Infinity":1,"s:15:8:15:Infinity":2,"f:19:4:19:11":1,"s:20:8:23:Infinity":3,"b:20:15:20:Infinity:21:12:21:Infinity:22:12:22:Infinity:23:12:23:Infinity":2,"f:27:4:27:11":2,"s:28:8:28:Infinity":4,"f:32:4:32:11":3,"s:33:8:33:Infinity":5},"fnNames":{}}}
,"C:\\Users\\servi\\augusto\\tetris\\Piece\\PieceL.ts": {"path":"C:\\Users\\servi\\augusto\\tetris\\Piece\\PieceL.ts","statementMap":{"0":{"start":{"line":5,"column":5},"end":{"line":18,"column":null}}},"fnMap":{"0":{"name":"constructor","decl":{"start":{"line":4,"column":4},"end":{"line":4,"column":18}},"loc":{"start":{"line":4,"column":18},"end":{"line":19,"column":null}},"line":4}},"branchMap":{},"s":{"0":2},"f":{"0":2},"b":{},"meta":{"lastBranch":0,"lastFunction":1,"lastStatement":1,"seen":{"f:4:4:4:18":0,"s:5:5:18:Infinity":0},"fnNames":{}}}
,"C:\\Users\\servi\\augusto\\tetris\\Piece\\Piecebase.ts": {"path":"C:\\Users\\servi\\augusto\\tetris\\Piece\\Piecebase.ts","statementMap":{"0":{"start":{"line":15,"column":4},"end":{"line":15,"column":null}},"1":{"start":{"line":16,"column":4},"end":{"line":16,"column":null}},"2":{"start":{"line":17,"column":4},"end":{"line":17,"column":null}},"3":{"start":{"line":21,"column":4},"end":{"line":24,"column":null}},"4":{"start":{"line":21,"column":65},"end":{"line":24,"column":6}},"5":{"start":{"line":27,"column":4},"end":{"line":27,"column":null}},"6":{"start":{"line":30,"column":4},"end":{"line":30,"column":null}}},"fnMap":{"0":{"name":"constructor","decl":{"start":{"line":14,"column":1},"end":{"line":14,"column":11}},"loc":{"start":{"line":14,"column":61},"end":{"line":18,"column":null}},"line":14},"1":{"name":"getCells","decl":{"start":{"line":20,"column":0},"end":{"line":20,"column":7}},"loc":{"start":{"line":20,"column":26},"end":{"line":25,"column":null}},"line":20},"2":{"name":"(anonymous_2)","decl":{"start":{"line":21,"column":52},"end":{"line":21,"column":56}},"loc":{"start":{"line":21,"column":65},"end":{"line":24,"column":6}},"line":21},"3":{"name":"rotateLeft","decl":{"start":{"line":26,"column":1},"end":{"line":26,"column":8}},"loc":{"start":{"line":26,"column":27},"end":{"line":28,"column":null}},"line":26},"4":{"name":"rotateRight","decl":{"start":{"line":29,"column":1},"end":{"line":29,"column":8}},"loc":{"start":{"line":29,"column":28},"end":{"line":31,"column":null}},"line":29}},"branchMap":{},"s":{"0":17,"1":17,"2":17,"3":12,"4":42,"5":6,"6":6},"f":{"0":17,"1":12,"2":42,"3":6,"4":6},"b":{},"meta":{"lastBranch":0,"lastFunction":5,"lastStatement":7,"seen":{"f:14:1:14:11":0,"s:15:4:15:Infinity":0,"s:16:4:16:Infinity":1,"s:17:4:17:Infinity":2,"f:20:0:20:7":1,"s:21:4:24:Infinity":3,"f:21:52:21:56":2,"s:21:65:24:6":4,"f:26:1:26:8":3,"s:27:4:27:Infinity":5,"f:29:1:29:8":4,"s:30:4:30:Infinity":6},"fnNames":{}}}
,"C:\\Users\\servi\\augusto\\tetris\\Piece\\Piecedog.ts": {"path":"C:\\Users\\servi\\augusto\\tetris\\Piece\\Piecedog.ts","statementMap":{"0":{"start":{"line":5,"column":8},"end":{"line":18,"column":null}}},"fnMap":{"0":{"name":"constructor","decl":{"start":{"line":4,"column":4},"end":{"line":4,"column":18}},"loc":{"start":{"line":4,"column":18},"end":{"line":19,"column":null}},"line":4}},"branchMap":{},"s":{"0":4},"f":{"0":4},"b":{},"meta":{"lastBranch":0,"lastFunction":1,"lastStatement":1,"seen":{"f:4:4:4:18":0,"s:5:8:18:Infinity":0},"fnNames":{}}}
,"C:\\Users\\servi\\augusto\\tetris\\Piece\\Piecesquare.ts": {"path":"C:\\Users\\servi\\augusto\\tetris\\Piece\\Piecesquare.ts","statementMap":{"0":{"start":{"line":5,"column":8},"end":{"line":12,"column":null}}},"fnMap":{"0":{"name":"constructor","decl":{"start":{"line":4,"column":4},"end":{"line":4,"column":18}},"loc":{"start":{"line":4,"column":18},"end":{"line":13,"column":null}},"line":4}},"branchMap":{},"s":{"0":4},"f":{"0":4},"b":{},"meta":{"lastBranch":0,"lastFunction":1,"lastStatement":1,"seen":{"f:4:4:4:18":0,"s:5:8:12:Infinity":0},"fnNames":{}}}
,"C:\\Users\\servi\\augusto\\tetris\\Piece\\Piecestick.ts": {"path":"C:\\Users\\servi\\augusto\\tetris\\Piece\\Piecestick.ts","statementMap":{"0":{"start":{"line":5,"column":8},"end":{"line":21,"column":null}}},"fnMap":{"0":{"name":"constructor","decl":{"start":{"line":4,"column":4},"end":{"line":4,"column":18}},"loc":{"start":{"line":4,"column":18},"end":{"line":22,"column":null}},"line":4}},"branchMap":{},"s":{"0":2},"f":{"0":2},"b":{},"meta":{"lastBranch":0,"lastFunction":1,"lastStatement":1,"seen":{"f:4:4:4:18":0,"s:5:8:21:Infinity":0},"fnNames":{}}}
,"C:\\Users\\servi\\augusto\\tetris\\Piece\\Piecet.ts": {"path":"C:\\Users\\servi\\augusto\\tetris\\Piece\\Piecet.ts","statementMap":{"0":{"start":{"line":5,"column":8},"end":{"line":31,"column":null}}},"fnMap":{"0":{"name":"constructor","decl":{"start":{"line":4,"column":4},"end":{"line":4,"column":18}},"loc":{"start":{"line":4,"column":18},"end":{"line":32,"column":null}},"line":4}},"branchMap":{},"s":{"0":2},"f":{"0":2},"b":{},"meta":{"lastBranch":0,"lastFunction":1,"lastStatement":1,"seen":{"f:4:4:4:18":0,"s:5:8:31:Infinity":0},"fnNames":{}}}
}
